<?xml version="1.0" encoding="UTF-8"?>
<!-- Generated by org.testng.reporters.JUnitReportReporter -->
<testsuite skipped="0" hostname="DESKTOP-CV7USVI" name="com.toyota.Base" tests="1" failures="0" timestamp="23 Nov 2019 17:10:12 GMT" time="0.502" errors="0">
  <testcase name="test" time="0.502" classname="com.toyota.Base"/>
</testsuite> <!-- com.toyota.Base -->
